[35m[Appium][39m Welcome to Appium v1.22.3
[35m[Appium][39m Non-default server args:
[35m[Appium][39m   port: 64972
[35m[Appium][39m   loglevel: info
[35m[Appium][39m   tmpDir: C:\Users\SU-NB0~1\AppData\Local\Temp\\Katalon\Appium\Temp1696059999430
[35m[Appium][39m   chromedriverPort: 64973
[35m[Appium][39m Deprecated server args:
[35m[Appium][39m   [31m--chromedriver-port[39m => --default-capabilities
[35m[Appium][39m Default capabilities, which will be added to each request unless overridden by desired capabilities:
[35m[Appium][39m   chromedriverPort: 64973
[35m[Appium][39m Appium REST http interface listener started on 0.0.0.0:64972
[35m[HTTP][39m [37m-->[39m [37mGET[39m [37m/wd/hub/status[39m
[35m[HTTP][39m [90m{}[39m
[35m[HTTP][39m [37m<-- GET /wd/hub/status [39m[32m200[39m [90m5 ms - 68[39m
[35m[HTTP][39m [90m[39m
[35m[HTTP][39m [37m-->[39m [37mGET[39m [37m/wd/hub/status[39m
[35m[HTTP][39m [90m{}[39m
[35m[HTTP][39m [37m<-- GET /wd/hub/status [39m[32m200[39m [90m1 ms - 68[39m
[35m[HTTP][39m [90m[39m
[35m[HTTP][39m [37m-->[39m [37mPOST[39m [37m/wd/hub/session[39m
[35m[HTTP][39m [90m{"desiredCapabilities":{"appActivity":".Settings","appPackage":"com.android.settings","newCommandTimeout":1800,"platformVersion":"10","automationName":"uiautomator2","autoGrantPermissions":true,"platformName":"Android","udid":"0e06973b","deviceName":"samsung SM-J610F (Android 10)","platform":"ANDROID","systemPort":8219},"capabilities":{"firstMatch":[{"appium:appActivity":".Settings","appium:appPackage":"com.android.settings","appium:autoGrantPermissions":true,"appium:automationName":"uiautomator2","appium:deviceName":"samsung SM-J610F (Android 10)","appium:newCommandTimeout":1800,"platform":"ANDROID","platformName":"android","appium:platformVersion":"10","appium:systemPort":8219,"appium:udid":"0e06973b"}]}}[39m
[35m[BaseDriver][39m The following capabilities are not standard capabilities and should have an extension prefix:
[35m[BaseDriver][39m   platform
[35m[BaseDriver][39m   chromedriverPort
[35m[Appium][39m Appium v1.22.3 creating new AndroidUiautomator2Driver (v1.70.1) session
[35m[BaseDriver][39m The following capabilities were provided, but are not recognized by Appium:
[35m[BaseDriver][39m   platform
[35m[BaseDriver][39m Session created with session id: e6a5f2a6-dbb5-4f63-aef2-e5753e6a1751
[35m[UiAutomator2][39m Starting 'com.android.settings' directly on the device
[35m[ADB][39m Found 1 'build-tools' folders under 'C:\Users\SU - NB0176\.katalon\tools\android_sdk' (newest first):
[35m[ADB][39m     C:/Users/SU - NB0176/.katalon/tools/android_sdk/build-tools/29.0.3
[35m[ADB][39m Using 'adb.exe' from 'C:\Users\SU - NB0176\.katalon\tools\android_sdk\platform-tools\adb.exe'
[35m[AndroidDriver][39m Retrieving device list
[35m[AndroidDriver][39m Using device: 0e06973b
[35m[ADB][39m Using 'adb.exe' from 'C:\Users\SU - NB0176\.katalon\tools\android_sdk\platform-tools\adb.exe'
[35m[ADB][39m Getting device platform version
[35m[UiAutomator2][39m Relaxing hidden api policy
[35m[AndroidDriver][39m No app sent in, not parsing package/activity
[35m[ADB][39m Using 'apksigner.jar' from 'C:\Users\SU - NB0176\.katalon\tools\android_sdk\build-tools\29.0.3\lib\apksigner.jar'
[35m[ADB][39m 'C:\Users\SU - NB0176\AppData\Roaming\npm\node_modules\appium\node_modules\appium-uiautomator2-server\apks\appium-uiautomator2-server-v4.27.0.apk' is signed with the default certificate
[35m[ADB][39m 'C:\Users\SU - NB0176\AppData\Roaming\npm\node_modules\appium\node_modules\appium-uiautomator2-server\apks\appium-uiautomator2-server-debug-androidTest.apk' is signed with the default certificate
[35m[UiAutomator2][39m Server packages are not going to be (re)installed
[35m[ADB][39m Adding packages ["io.appium.settings","io.appium.uiautomator2.server","io.appium.uiautomator2.server.test"] to Doze whitelist
[35m[UiAutomator2][39m Starting UIAutomator2 server 4.27.0
[35m[UiAutomator2][39m Using UIAutomator2 server from 'C:\Users\SU - NB0176\AppData\Roaming\npm\node_modules\appium\node_modules\appium-uiautomator2-server\apks\appium-uiautomator2-server-v4.27.0.apk' and test from 'C:\Users\SU - NB0176\AppData\Roaming\npm\node_modules\appium\node_modules\appium-uiautomator2-server\apks\appium-uiautomator2-server-debug-androidTest.apk'
[35m[UiAutomator2][39m Waiting up to 30000ms for UiAutomator2 to be online...
[35m[WD Proxy][39m socket hang up
[35m[WD Proxy][39m socket hang up
[35m[WD Proxy][39m socket hang up
[35m[WD Proxy][39m socket hang up
[35m[WD Proxy][39m socket hang up
[35m[WD Proxy][39m socket hang up
[35m[WD Proxy][39m socket hang up
[35m[WD Proxy][39m socket hang up
[35m[WD Proxy][39m socket hang up
[35m[WD Proxy][39m socket hang up
[35m[WD Proxy][39m Determined the downstream protocol as 'W3C'
[35m[AndroidDriver][39m Screen already unlocked, doing nothing
[35m[UiAutomator2][39m Starting 'com.android.settings/.Settings and waiting for 'com.android.settings/.Settings'
[35m[Appium][39m New AndroidUiautomator2Driver session created successfully, session e6a5f2a6-dbb5-4f63-aef2-e5753e6a1751 added to master session list
[35m[HTTP][39m [37m<-- POST /wd/hub/session [39m[32m200[39m [90m19544 ms - 1143[39m
[35m[HTTP][39m [90m[39m
[35m[HTTP][39m [37m-->[39m [37mGET[39m [37m/wd/hub/session/e6a5f2a6-dbb5-4f63-aef2-e5753e6a1751[39m
[35m[HTTP][39m [90m{}[39m
[35m[HTTP][39m [37m<-- GET /wd/hub/session/e6a5f2a6-dbb5-4f63-aef2-e5753e6a1751 [39m[32m200[39m [90m29 ms - 1097[39m
[35m[HTTP][39m [90m[39m
[35m[HTTP][39m [37m-->[39m [37mGET[39m [37m/wd/hub/session/e6a5f2a6-dbb5-4f63-aef2-e5753e6a1751[39m
[35m[HTTP][39m [90m{}[39m
[35m[HTTP][39m [37m<-- GET /wd/hub/session/e6a5f2a6-dbb5-4f63-aef2-e5753e6a1751 [39m[32m200[39m [90m20 ms - 1097[39m
[35m[HTTP][39m [90m[39m
[35m[HTTP][39m [37m-->[39m [37mGET[39m [37m/wd/hub/status[39m
[35m[HTTP][39m [90m{}[39m
[35m[HTTP][39m [37m<-- GET /wd/hub/status [39m[32m200[39m [90m3 ms - 68[39m
[35m[HTTP][39m [90m[39m
[35m[HTTP][39m [37m-->[39m [37mPOST[39m [37m/wd/hub/session/e6a5f2a6-dbb5-4f63-aef2-e5753e6a1751/timeouts[39m
[35m[HTTP][39m [90m{"implicit":60000}[39m
[35m[HTTP][39m [37m<-- POST /wd/hub/session/e6a5f2a6-dbb5-4f63-aef2-e5753e6a1751/timeouts [39m[32m200[39m [90m2 ms - 14[39m
[35m[HTTP][39m [90m[39m
[35m[HTTP][39m [37m-->[39m [37mGET[39m [37m/wd/hub/session/e6a5f2a6-dbb5-4f63-aef2-e5753e6a1751/screenshot[39m
[35m[HTTP][39m [90m{}[39m
[35m[HTTP][39m [37m<-- GET /wd/hub/session/e6a5f2a6-dbb5-4f63-aef2-e5753e6a1751/screenshot [39m[32m200[39m [90m1126 ms - 91980[39m
[35m[HTTP][39m [90m[39m
[35m[HTTP][39m [37m-->[39m [37mGET[39m [37m/wd/hub/session/e6a5f2a6-dbb5-4f63-aef2-e5753e6a1751/window/rect[39m
[35m[HTTP][39m [90m{}[39m
[35m[HTTP][39m [37m<-- GET /wd/hub/session/e6a5f2a6-dbb5-4f63-aef2-e5753e6a1751/window/rect [39m[32m200[39m [90m44 ms - 49[39m
[35m[HTTP][39m [90m[39m
[35m[HTTP][39m [37m-->[39m [37mGET[39m [37m/wd/hub/session/e6a5f2a6-dbb5-4f63-aef2-e5753e6a1751/appium/device/system_bars[39m
[35m[HTTP][39m [90m{}[39m
[35m[HTTP][39m [37m<-- GET /wd/hub/session/e6a5f2a6-dbb5-4f63-aef2-e5753e6a1751/appium/device/system_bars [39m[32m200[39m [90m152 ms - 147[39m
[35m[HTTP][39m [90m[39m
[35m[HTTP][39m [37m-->[39m [37mPOST[39m [37m/wd/hub/session/e6a5f2a6-dbb5-4f63-aef2-e5753e6a1751/appium/device/activate_app[39m
[35m[HTTP][39m [90m{"bundleId":"com.solodroid.solomerce"}[39m
[35m[HTTP][39m [37m<-- POST /wd/hub/session/e6a5f2a6-dbb5-4f63-aef2-e5753e6a1751/appium/device/activate_app [39m[32m200[39m [90m1777 ms - 14[39m
[35m[HTTP][39m [90m[39m
[35m[HTTP][39m [37m-->[39m [37mGET[39m [37m/wd/hub/session/e6a5f2a6-dbb5-4f63-aef2-e5753e6a1751/source[39m
[35m[HTTP][39m [90m{}[39m
[35m[W3C (e6a5f2a6)][39m Driver proxy active, passing request on via HTTP proxy
[35m[WD Proxy][39m Replacing sessionId d49a1c0d-81a3-4ebf-96ae-991448eb8179 with e6a5f2a6-dbb5-4f63-aef2-e5753e6a1751
[35m[HTTP][39m [37m<-- GET /wd/hub/session/e6a5f2a6-dbb5-4f63-aef2-e5753e6a1751/source [39m[32m200[39m [90m904 ms - 17292[39m
[35m[HTTP][39m [90m[39m
[35m[HTTP][39m [37m-->[39m [37mGET[39m [37m/wd/hub/session/e6a5f2a6-dbb5-4f63-aef2-e5753e6a1751/screenshot[39m
[35m[HTTP][39m [90m{}[39m
[35m[HTTP][39m [37m<-- GET /wd/hub/session/e6a5f2a6-dbb5-4f63-aef2-e5753e6a1751/screenshot [39m[32m200[39m [90m1683 ms - 669372[39m
[35m[HTTP][39m [90m[39m
[35m[HTTP][39m [37m-->[39m [37mPOST[39m [37m/wd/hub/session/e6a5f2a6-dbb5-4f63-aef2-e5753e6a1751/elements[39m
[35m[HTTP][39m [90m{"using":"xpath","value":"//*[@class = 'android.widget.ImageButton' and (@text = '' or . = '')]"}[39m
[35m[HTTP][39m [37m<-- POST /wd/hub/session/e6a5f2a6-dbb5-4f63-aef2-e5753e6a1751/elements [39m[32m200[39m [90m1073 ms - 139[39m
[35m[HTTP][39m [90m[39m
[35m[HTTP][39m [37m-->[39m [37mGET[39m [37m/wd/hub/session/e6a5f2a6-dbb5-4f63-aef2-e5753e6a1751/window/rect[39m
[35m[HTTP][39m [90m{}[39m
[35m[HTTP][39m [37m<-- GET /wd/hub/session/e6a5f2a6-dbb5-4f63-aef2-e5753e6a1751/window/rect [39m[32m200[39m [90m25 ms - 49[39m
[35m[HTTP][39m [90m[39m
[35m[HTTP][39m [37m-->[39m [37mPOST[39m [37m/wd/hub/session/e6a5f2a6-dbb5-4f63-aef2-e5753e6a1751/elements[39m
[35m[HTTP][39m [90m{"using":"xpath","value":"//*[@class = 'android.widget.ImageButton' and (@text = '' or . = '')]"}[39m
[35m[HTTP][39m [37m<-- POST /wd/hub/session/e6a5f2a6-dbb5-4f63-aef2-e5753e6a1751/elements [39m[32m200[39m [90m291 ms - 139[39m
[35m[HTTP][39m [90m[39m
[35m[HTTP][39m [37m-->[39m [37mGET[39m [37m/wd/hub/session/e6a5f2a6-dbb5-4f63-aef2-e5753e6a1751/element/00000000-0000-006b-ffff-ffff000000cd/location[39m
[35m[HTTP][39m [90m{}[39m
[35m[W3C (e6a5f2a6)][39m Driver proxy active, passing request on via HTTP proxy
[35m[WD Proxy][39m Replacing sessionId d49a1c0d-81a3-4ebf-96ae-991448eb8179 with e6a5f2a6-dbb5-4f63-aef2-e5753e6a1751
[35m[HTTP][39m [37m<-- GET /wd/hub/session/e6a5f2a6-dbb5-4f63-aef2-e5753e6a1751/element/00000000-0000-006b-ffff-ffff000000cd/location [39m[32m200[39m [90m43 ms - 75[39m
[35m[HTTP][39m [90m[39m
[35m[HTTP][39m [37m-->[39m [37mPOST[39m [37m/wd/hub/session/e6a5f2a6-dbb5-4f63-aef2-e5753e6a1751/element/00000000-0000-006b-ffff-ffff000000cd/click[39m
[35m[HTTP][39m [90m{"id":"00000000-0000-006b-ffff-ffff000000cd"}[39m
[35m[HTTP][39m [37m<-- POST /wd/hub/session/e6a5f2a6-dbb5-4f63-aef2-e5753e6a1751/element/00000000-0000-006b-ffff-ffff000000cd/click [39m[32m200[39m [90m75 ms - 14[39m
[35m[HTTP][39m [90m[39m
[35m[HTTP][39m [37m-->[39m [37mGET[39m [37m/wd/hub/session/e6a5f2a6-dbb5-4f63-aef2-e5753e6a1751/source[39m
[35m[HTTP][39m [90m{}[39m
[35m[W3C (e6a5f2a6)][39m Driver proxy active, passing request on via HTTP proxy
[35m[WD Proxy][39m Replacing sessionId d49a1c0d-81a3-4ebf-96ae-991448eb8179 with e6a5f2a6-dbb5-4f63-aef2-e5753e6a1751
[35m[HTTP][39m [37m<-- GET /wd/hub/session/e6a5f2a6-dbb5-4f63-aef2-e5753e6a1751/source [39m[32m200[39m [90m1184 ms - 34058[39m
[35m[HTTP][39m [90m[39m
[35m[HTTP][39m [37m-->[39m [37mGET[39m [37m/wd/hub/session/e6a5f2a6-dbb5-4f63-aef2-e5753e6a1751/screenshot[39m
[35m[HTTP][39m [90m{}[39m
[35m[HTTP][39m [37m<-- GET /wd/hub/session/e6a5f2a6-dbb5-4f63-aef2-e5753e6a1751/screenshot [39m[32m200[39m [90m1697 ms - 879228[39m
[35m[HTTP][39m [90m[39m
[35m[HTTP][39m [37m-->[39m [37mPOST[39m [37m/wd/hub/session/e6a5f2a6-dbb5-4f63-aef2-e5753e6a1751/elements[39m
[35m[HTTP][39m [90m{"using":"xpath","value":"//*[@class = 'android.widget.TextView' and (@text = 'Mini Digital Speaker TD-V26 USB FM Radio SD TF Card MP3 - Red' or . = 'Mini Digital Speaker TD-V26 USB FM Radio SD TF Card MP3 - Red') and @resource-id = 'com.solodroid.solomerce:id/product_name']"}[39m
[35m[HTTP][39m [37m<-- POST /wd/hub/session/e6a5f2a6-dbb5-4f63-aef2-e5753e6a1751/elements [39m[32m200[39m [90m437 ms - 139[39m
[35m[HTTP][39m [90m[39m
[35m[HTTP][39m [37m-->[39m [37mGET[39m [37m/wd/hub/session/e6a5f2a6-dbb5-4f63-aef2-e5753e6a1751/window/rect[39m
[35m[HTTP][39m [90m{}[39m
[35m[HTTP][39m [37m<-- GET /wd/hub/session/e6a5f2a6-dbb5-4f63-aef2-e5753e6a1751/window/rect [39m[32m200[39m [90m20 ms - 49[39m
[35m[HTTP][39m [90m[39m
[35m[HTTP][39m [37m-->[39m [37mPOST[39m [37m/wd/hub/session/e6a5f2a6-dbb5-4f63-aef2-e5753e6a1751/elements[39m
[35m[HTTP][39m [90m{"using":"xpath","value":"//*[@class = 'android.widget.TextView' and (@text = 'Mini Digital Speaker TD-V26 USB FM Radio SD TF Card MP3 - Red' or . = 'Mini Digital Speaker TD-V26 USB FM Radio SD TF Card MP3 - Red') and @resource-id = 'com.solodroid.solomerce:id/product_name']"}[39m
[35m[HTTP][39m [37m<-- POST /wd/hub/session/e6a5f2a6-dbb5-4f63-aef2-e5753e6a1751/elements [39m[32m200[39m [90m357 ms - 139[39m
[35m[HTTP][39m [90m[39m
[35m[HTTP][39m [37m-->[39m [37mGET[39m [37m/wd/hub/session/e6a5f2a6-dbb5-4f63-aef2-e5753e6a1751/element/00000000-0000-006e-ffff-ffff000000af/location[39m
[35m[HTTP][39m [90m{}[39m
[35m[W3C (e6a5f2a6)][39m Driver proxy active, passing request on via HTTP proxy
[35m[WD Proxy][39m Replacing sessionId d49a1c0d-81a3-4ebf-96ae-991448eb8179 with e6a5f2a6-dbb5-4f63-aef2-e5753e6a1751
[35m[HTTP][39m [37m<-- GET /wd/hub/session/e6a5f2a6-dbb5-4f63-aef2-e5753e6a1751/element/00000000-0000-006e-ffff-ffff000000af/location [39m[32m200[39m [90m27 ms - 78[39m
[35m[HTTP][39m [90m[39m
[35m[HTTP][39m [37m-->[39m [37mPOST[39m [37m/wd/hub/session/e6a5f2a6-dbb5-4f63-aef2-e5753e6a1751/element/00000000-0000-006e-ffff-ffff000000af/click[39m
[35m[HTTP][39m [90m{"id":"00000000-0000-006e-ffff-ffff000000af"}[39m
[35m[HTTP][39m [37m<-- POST /wd/hub/session/e6a5f2a6-dbb5-4f63-aef2-e5753e6a1751/element/00000000-0000-006e-ffff-ffff000000af/click [39m[32m200[39m [90m55 ms - 14[39m
[35m[HTTP][39m [90m[39m
[35m[HTTP][39m [37m-->[39m [37mGET[39m [37m/wd/hub/session/e6a5f2a6-dbb5-4f63-aef2-e5753e6a1751/source[39m
[35m[HTTP][39m [90m{}[39m
[35m[W3C (e6a5f2a6)][39m Driver proxy active, passing request on via HTTP proxy
[35m[WD Proxy][39m Replacing sessionId d49a1c0d-81a3-4ebf-96ae-991448eb8179 with e6a5f2a6-dbb5-4f63-aef2-e5753e6a1751
[35m[HTTP][39m [37m<-- GET /wd/hub/session/e6a5f2a6-dbb5-4f63-aef2-e5753e6a1751/source [39m[32m200[39m [90m901 ms - 17292[39m
[35m[HTTP][39m [90m[39m
[35m[HTTP][39m [37m-->[39m [37mGET[39m [37m/wd/hub/session/e6a5f2a6-dbb5-4f63-aef2-e5753e6a1751/screenshot[39m
[35m[HTTP][39m [90m{}[39m
[35m[HTTP][39m [37m<-- GET /wd/hub/session/e6a5f2a6-dbb5-4f63-aef2-e5753e6a1751/screenshot [39m[32m200[39m [90m1357 ms - 669372[39m
[35m[HTTP][39m [90m[39m
[35m[HTTP][39m [37m-->[39m [37mPOST[39m [37m/wd/hub/session/e6a5f2a6-dbb5-4f63-aef2-e5753e6a1751/elements[39m
[35m[HTTP][39m [90m{"using":"xpath","value":"//*[@class = 'android.widget.Button' and (@text = 'ADD TO CART' or . = 'ADD TO CART') and @resource-id = 'com.solodroid.solomerce:id/btn_add_cart']"}[39m
[35m[HTTP][39m [37m<-- POST /wd/hub/session/e6a5f2a6-dbb5-4f63-aef2-e5753e6a1751/elements [39m[32m200[39m [90m224 ms - 139[39m
[35m[HTTP][39m [90m[39m
[35m[HTTP][39m [37m-->[39m [37mGET[39m [37m/wd/hub/session/e6a5f2a6-dbb5-4f63-aef2-e5753e6a1751/window/rect[39m
[35m[HTTP][39m [90m{}[39m
[35m[HTTP][39m [37m<-- GET /wd/hub/session/e6a5f2a6-dbb5-4f63-aef2-e5753e6a1751/window/rect [39m[32m200[39m [90m16 ms - 49[39m
[35m[HTTP][39m [90m[39m
[35m[HTTP][39m [37m-->[39m [37mPOST[39m [37m/wd/hub/session/e6a5f2a6-dbb5-4f63-aef2-e5753e6a1751/elements[39m
[35m[HTTP][39m [90m{"using":"xpath","value":"//*[@class = 'android.widget.Button' and (@text = 'ADD TO CART' or . = 'ADD TO CART') and @resource-id = 'com.solodroid.solomerce:id/btn_add_cart']"}[39m
[35m[HTTP][39m [37m<-- POST /wd/hub/session/e6a5f2a6-dbb5-4f63-aef2-e5753e6a1751/elements [39m[32m200[39m [90m184 ms - 139[39m
[35m[HTTP][39m [90m[39m
[35m[HTTP][39m [37m-->[39m [37mGET[39m [37m/wd/hub/session/e6a5f2a6-dbb5-4f63-aef2-e5753e6a1751/element/00000000-0000-0078-ffff-ffff00000100/location[39m
[35m[HTTP][39m [90m{}[39m
[35m[W3C (e6a5f2a6)][39m Driver proxy active, passing request on via HTTP proxy
[35m[WD Proxy][39m Replacing sessionId d49a1c0d-81a3-4ebf-96ae-991448eb8179 with e6a5f2a6-dbb5-4f63-aef2-e5753e6a1751
[35m[HTTP][39m [37m<-- GET /wd/hub/session/e6a5f2a6-dbb5-4f63-aef2-e5753e6a1751/element/00000000-0000-0078-ffff-ffff00000100/location [39m[32m200[39m [90m26 ms - 77[39m
[35m[HTTP][39m [90m[39m
[35m[HTTP][39m [37m-->[39m [37mPOST[39m [37m/wd/hub/session/e6a5f2a6-dbb5-4f63-aef2-e5753e6a1751/element/00000000-0000-0078-ffff-ffff00000100/click[39m
[35m[HTTP][39m [90m{"id":"00000000-0000-0078-ffff-ffff00000100"}[39m
[35m[HTTP][39m [37m<-- POST /wd/hub/session/e6a5f2a6-dbb5-4f63-aef2-e5753e6a1751/element/00000000-0000-0078-ffff-ffff00000100/click [39m[32m200[39m [90m65 ms - 14[39m
[35m[HTTP][39m [90m[39m
[35m[HTTP][39m [37m-->[39m [37mGET[39m [37m/wd/hub/session/e6a5f2a6-dbb5-4f63-aef2-e5753e6a1751/source[39m
[35m[HTTP][39m [90m{}[39m
[35m[W3C (e6a5f2a6)][39m Driver proxy active, passing request on via HTTP proxy
[35m[WD Proxy][39m Replacing sessionId d49a1c0d-81a3-4ebf-96ae-991448eb8179 with e6a5f2a6-dbb5-4f63-aef2-e5753e6a1751
[35m[HTTP][39m [37m<-- GET /wd/hub/session/e6a5f2a6-dbb5-4f63-aef2-e5753e6a1751/source [39m[32m200[39m [90m564 ms - 6030[39m
[35m[HTTP][39m [90m[39m
[35m[HTTP][39m [37m-->[39m [37mGET[39m [37m/wd/hub/session/e6a5f2a6-dbb5-4f63-aef2-e5753e6a1751/screenshot[39m
[35m[HTTP][39m [90m{}[39m
[35m[HTTP][39m [37m<-- GET /wd/hub/session/e6a5f2a6-dbb5-4f63-aef2-e5753e6a1751/screenshot [39m[32m200[39m [90m1188 ms - 435258[39m
[35m[HTTP][39m [90m[39m
[35m[HTTP][39m [37m-->[39m [37mPOST[39m [37m/wd/hub/session/e6a5f2a6-dbb5-4f63-aef2-e5753e6a1751/elements[39m
[35m[HTTP][39m [90m{"using":"xpath","value":"//*[@class = 'android.widget.EditText' and @resource-id = 'com.solodroid.solomerce:id/userInputDialog' and (@text = '' or . = '')]"}[39m
[35m[HTTP][39m [37m<-- POST /wd/hub/session/e6a5f2a6-dbb5-4f63-aef2-e5753e6a1751/elements [39m[32m200[39m [90m136 ms - 139[39m
[35m[HTTP][39m [90m[39m
[35m[HTTP][39m [37m-->[39m [37mGET[39m [37m/wd/hub/session/e6a5f2a6-dbb5-4f63-aef2-e5753e6a1751/window/rect[39m
[35m[HTTP][39m [90m{}[39m
[35m[HTTP][39m [37m<-- GET /wd/hub/session/e6a5f2a6-dbb5-4f63-aef2-e5753e6a1751/window/rect [39m[32m200[39m [90m26 ms - 49[39m
[35m[HTTP][39m [90m[39m
[35m[HTTP][39m [37m-->[39m [37mPOST[39m [37m/wd/hub/session/e6a5f2a6-dbb5-4f63-aef2-e5753e6a1751/elements[39m
[35m[HTTP][39m [90m{"using":"xpath","value":"//*[@class = 'android.widget.EditText' and @resource-id = 'com.solodroid.solomerce:id/userInputDialog' and (@text = '' or . = '')]"}[39m
[35m[HTTP][39m [37m<-- POST /wd/hub/session/e6a5f2a6-dbb5-4f63-aef2-e5753e6a1751/elements [39m[32m200[39m [90m140 ms - 139[39m
[35m[HTTP][39m [90m[39m
[35m[HTTP][39m [37m-->[39m [37mGET[39m [37m/wd/hub/session/e6a5f2a6-dbb5-4f63-aef2-e5753e6a1751/element/00000000-0000-0079-ffff-ffff00000119/location[39m
[35m[HTTP][39m [90m{}[39m
[35m[W3C (e6a5f2a6)][39m Driver proxy active, passing request on via HTTP proxy
[35m[WD Proxy][39m Replacing sessionId d49a1c0d-81a3-4ebf-96ae-991448eb8179 with e6a5f2a6-dbb5-4f63-aef2-e5753e6a1751
[35m[HTTP][39m [37m<-- GET /wd/hub/session/e6a5f2a6-dbb5-4f63-aef2-e5753e6a1751/element/00000000-0000-0079-ffff-ffff00000119/location [39m[32m200[39m [90m23 ms - 77[39m
[35m[HTTP][39m [90m[39m
[35m[HTTP][39m [37m-->[39m [37mPOST[39m [37m/wd/hub/session/e6a5f2a6-dbb5-4f63-aef2-e5753e6a1751/element/00000000-0000-0079-ffff-ffff00000119/clear[39m
[35m[HTTP][39m [90m{"id":"00000000-0000-0079-ffff-ffff00000119"}[39m
[35m[HTTP][39m [37m<-- POST /wd/hub/session/e6a5f2a6-dbb5-4f63-aef2-e5753e6a1751/element/00000000-0000-0079-ffff-ffff00000119/clear [39m[32m200[39m [90m31 ms - 14[39m
[35m[HTTP][39m [90m[39m
[35m[HTTP][39m [37m-->[39m [37mPOST[39m [37m/wd/hub/session/e6a5f2a6-dbb5-4f63-aef2-e5753e6a1751/element/00000000-0000-0079-ffff-ffff00000119/value[39m
[35m[HTTP][39m [90m{"id":"00000000-0000-0079-ffff-ffff00000119","text":"1","value":["1"]}[39m
[35m[HTTP][39m [37m<-- POST /wd/hub/session/e6a5f2a6-dbb5-4f63-aef2-e5753e6a1751/element/00000000-0000-0079-ffff-ffff00000119/value [39m[32m200[39m [90m507 ms - 14[39m
[35m[HTTP][39m [90m[39m
[35m[HTTP][39m [37m-->[39m [37mGET[39m [37m/wd/hub/session/e6a5f2a6-dbb5-4f63-aef2-e5753e6a1751/source[39m
[35m[HTTP][39m [90m{}[39m
[35m[W3C (e6a5f2a6)][39m Driver proxy active, passing request on via HTTP proxy
[35m[WD Proxy][39m Replacing sessionId d49a1c0d-81a3-4ebf-96ae-991448eb8179 with e6a5f2a6-dbb5-4f63-aef2-e5753e6a1751
[35m[HTTP][39m [37m<-- GET /wd/hub/session/e6a5f2a6-dbb5-4f63-aef2-e5753e6a1751/source [39m[32m200[39m [90m97 ms - 6031[39m
[35m[HTTP][39m [90m[39m
[35m[HTTP][39m [37m-->[39m [37mGET[39m [37m/wd/hub/session/e6a5f2a6-dbb5-4f63-aef2-e5753e6a1751/screenshot[39m
[35m[HTTP][39m [90m{}[39m
[35m[HTTP][39m [37m<-- GET /wd/hub/session/e6a5f2a6-dbb5-4f63-aef2-e5753e6a1751/screenshot [39m[32m200[39m [90m1136 ms - 435414[39m
[35m[HTTP][39m [90m[39m
[35m[HTTP][39m [37m-->[39m [37mPOST[39m [37m/wd/hub/session/e6a5f2a6-dbb5-4f63-aef2-e5753e6a1751/elements[39m
[35m[HTTP][39m [90m{"using":"xpath","value":"//*[@class = 'android.widget.Button' and (@text = 'ADD' or . = 'ADD') and @resource-id = 'android:id/button1']"}[39m
[35m[HTTP][39m [37m<-- POST /wd/hub/session/e6a5f2a6-dbb5-4f63-aef2-e5753e6a1751/elements [39m[32m200[39m [90m142 ms - 139[39m
[35m[HTTP][39m [90m[39m
[35m[HTTP][39m [37m-->[39m [37mGET[39m [37m/wd/hub/session/e6a5f2a6-dbb5-4f63-aef2-e5753e6a1751/window/rect[39m
[35m[HTTP][39m [90m{}[39m
[35m[HTTP][39m [37m<-- GET /wd/hub/session/e6a5f2a6-dbb5-4f63-aef2-e5753e6a1751/window/rect [39m[32m200[39m [90m19 ms - 49[39m
[35m[HTTP][39m [90m[39m
[35m[HTTP][39m [37m-->[39m [37mPOST[39m [37m/wd/hub/session/e6a5f2a6-dbb5-4f63-aef2-e5753e6a1751/elements[39m
[35m[HTTP][39m [90m{"using":"xpath","value":"//*[@class = 'android.widget.Button' and (@text = 'ADD' or . = 'ADD') and @resource-id = 'android:id/button1']"}[39m
[35m[HTTP][39m [37m<-- POST /wd/hub/session/e6a5f2a6-dbb5-4f63-aef2-e5753e6a1751/elements [39m[32m200[39m [90m129 ms - 139[39m
[35m[HTTP][39m [90m[39m
[35m[HTTP][39m [37m-->[39m [37mGET[39m [37m/wd/hub/session/e6a5f2a6-dbb5-4f63-aef2-e5753e6a1751/element/00000000-0000-0079-ffff-ffff0000011f/location[39m
[35m[HTTP][39m [90m{}[39m
[35m[W3C (e6a5f2a6)][39m Driver proxy active, passing request on via HTTP proxy
[35m[WD Proxy][39m Replacing sessionId d49a1c0d-81a3-4ebf-96ae-991448eb8179 with e6a5f2a6-dbb5-4f63-aef2-e5753e6a1751
[35m[HTTP][39m [37m<-- GET /wd/hub/session/e6a5f2a6-dbb5-4f63-aef2-e5753e6a1751/element/00000000-0000-0079-ffff-ffff0000011f/location [39m[32m200[39m [90m24 ms - 78[39m
[35m[HTTP][39m [90m[39m
[35m[HTTP][39m [37m-->[39m [37mPOST[39m [37m/wd/hub/session/e6a5f2a6-dbb5-4f63-aef2-e5753e6a1751/element/00000000-0000-0079-ffff-ffff0000011f/click[39m
[35m[HTTP][39m [90m{"id":"00000000-0000-0079-ffff-ffff0000011f"}[39m
[35m[HTTP][39m [37m<-- POST /wd/hub/session/e6a5f2a6-dbb5-4f63-aef2-e5753e6a1751/element/00000000-0000-0079-ffff-ffff0000011f/click [39m[32m200[39m [90m50 ms - 14[39m
[35m[HTTP][39m [90m[39m
[35m[HTTP][39m [37m-->[39m [37mGET[39m [37m/wd/hub/session/e6a5f2a6-dbb5-4f63-aef2-e5753e6a1751/source[39m
[35m[HTTP][39m [90m{}[39m
[35m[W3C (e6a5f2a6)][39m Driver proxy active, passing request on via HTTP proxy
[35m[WD Proxy][39m Replacing sessionId d49a1c0d-81a3-4ebf-96ae-991448eb8179 with e6a5f2a6-dbb5-4f63-aef2-e5753e6a1751
[35m[HTTP][39m [37m<-- GET /wd/hub/session/e6a5f2a6-dbb5-4f63-aef2-e5753e6a1751/source [39m[32m200[39m [90m260 ms - 17454[39m
[35m[HTTP][39m [90m[39m
[35m[HTTP][39m [37m-->[39m [37mGET[39m [37m/wd/hub/session/e6a5f2a6-dbb5-4f63-aef2-e5753e6a1751/screenshot[39m
[35m[HTTP][39m [90m{}[39m
[35m[HTTP][39m [37m<-- GET /wd/hub/session/e6a5f2a6-dbb5-4f63-aef2-e5753e6a1751/screenshot [39m[32m200[39m [90m1376 ms - 677394[39m
[35m[HTTP][39m [90m[39m
[35m[HTTP][39m [37m-->[39m [37mPOST[39m [37m/wd/hub/session/e6a5f2a6-dbb5-4f63-aef2-e5753e6a1751/elements[39m
[35m[HTTP][39m [90m{"using":"xpath","value":"//*[@class = 'android.widget.TextView' and @resource-id = 'com.solodroid.solomerce:id/cart' and (@text = '' or . = '')]"}[39m
[35m[HTTP][39m [37m<-- POST /wd/hub/session/e6a5f2a6-dbb5-4f63-aef2-e5753e6a1751/elements [39m[32m200[39m [90m225 ms - 139[39m
[35m[HTTP][39m [90m[39m
[35m[HTTP][39m [37m-->[39m [37mGET[39m [37m/wd/hub/session/e6a5f2a6-dbb5-4f63-aef2-e5753e6a1751/window/rect[39m
[35m[HTTP][39m [90m{}[39m
[35m[HTTP][39m [37m<-- GET /wd/hub/session/e6a5f2a6-dbb5-4f63-aef2-e5753e6a1751/window/rect [39m[32m200[39m [90m25 ms - 49[39m
[35m[HTTP][39m [90m[39m
[35m[HTTP][39m [37m-->[39m [37mPOST[39m [37m/wd/hub/session/e6a5f2a6-dbb5-4f63-aef2-e5753e6a1751/elements[39m
[35m[HTTP][39m [90m{"using":"xpath","value":"//*[@class = 'android.widget.TextView' and @resource-id = 'com.solodroid.solomerce:id/cart' and (@text = '' or . = '')]"}[39m
[35m[HTTP][39m [37m<-- POST /wd/hub/session/e6a5f2a6-dbb5-4f63-aef2-e5753e6a1751/elements [39m[32m200[39m [90m210 ms - 139[39m
[35m[HTTP][39m [90m[39m
[35m[HTTP][39m [37m-->[39m [37mGET[39m [37m/wd/hub/session/e6a5f2a6-dbb5-4f63-aef2-e5753e6a1751/element/00000000-0000-0078-ffff-ffff00000106/location[39m
[35m[HTTP][39m [90m{}[39m
[35m[W3C (e6a5f2a6)][39m Driver proxy active, passing request on via HTTP proxy
[35m[WD Proxy][39m Replacing sessionId d49a1c0d-81a3-4ebf-96ae-991448eb8179 with e6a5f2a6-dbb5-4f63-aef2-e5753e6a1751
[35m[HTTP][39m [37m<-- GET /wd/hub/session/e6a5f2a6-dbb5-4f63-aef2-e5753e6a1751/element/00000000-0000-0078-ffff-ffff00000106/location [39m[32m200[39m [90m33 ms - 77[39m
[35m[HTTP][39m [90m[39m
[35m[HTTP][39m [37m-->[39m [37mPOST[39m [37m/wd/hub/session/e6a5f2a6-dbb5-4f63-aef2-e5753e6a1751/element/00000000-0000-0078-ffff-ffff00000106/click[39m
[35m[HTTP][39m [90m{"id":"00000000-0000-0078-ffff-ffff00000106"}[39m
[35m[HTTP][39m [37m<-- POST /wd/hub/session/e6a5f2a6-dbb5-4f63-aef2-e5753e6a1751/element/00000000-0000-0078-ffff-ffff00000106/click [39m[32m200[39m [90m63 ms - 14[39m
[35m[HTTP][39m [90m[39m
[35m[HTTP][39m [37m-->[39m [37mGET[39m [37m/wd/hub/session/e6a5f2a6-dbb5-4f63-aef2-e5753e6a1751/source[39m
[35m[HTTP][39m [90m{}[39m
[35m[W3C (e6a5f2a6)][39m Driver proxy active, passing request on via HTTP proxy
[35m[WD Proxy][39m Replacing sessionId d49a1c0d-81a3-4ebf-96ae-991448eb8179 with e6a5f2a6-dbb5-4f63-aef2-e5753e6a1751
[35m[HTTP][39m [37m<-- GET /wd/hub/session/e6a5f2a6-dbb5-4f63-aef2-e5753e6a1751/source [39m[32m200[39m [90m411 ms - 15648[39m
[35m[HTTP][39m [90m[39m
[35m[HTTP][39m [37m-->[39m [37mGET[39m [37m/wd/hub/session/e6a5f2a6-dbb5-4f63-aef2-e5753e6a1751/screenshot[39m
[35m[HTTP][39m [90m{}[39m
[35m[HTTP][39m [37m<-- GET /wd/hub/session/e6a5f2a6-dbb5-4f63-aef2-e5753e6a1751/screenshot [39m[32m200[39m [90m754 ms - 97488[39m
[35m[HTTP][39m [90m[39m
[35m[HTTP][39m [37m-->[39m [37mPOST[39m [37m/wd/hub/session/e6a5f2a6-dbb5-4f63-aef2-e5753e6a1751/elements[39m
[35m[HTTP][39m [90m{"using":"xpath","value":"//*[@class = 'android.widget.Button' and (@text = 'CHECKOUT' or . = 'CHECKOUT') and @resource-id = 'com.solodroid.solomerce:id/btn_checkout']"}[39m
[35m[HTTP][39m [37m<-- POST /wd/hub/session/e6a5f2a6-dbb5-4f63-aef2-e5753e6a1751/elements [39m[32m200[39m [90m191 ms - 139[39m
[35m[HTTP][39m [90m[39m
[35m[HTTP][39m [37m-->[39m [37mGET[39m [37m/wd/hub/session/e6a5f2a6-dbb5-4f63-aef2-e5753e6a1751/window/rect[39m
[35m[HTTP][39m [90m{}[39m
[35m[HTTP][39m [37m<-- GET /wd/hub/session/e6a5f2a6-dbb5-4f63-aef2-e5753e6a1751/window/rect [39m[32m200[39m [90m17 ms - 49[39m
[35m[HTTP][39m [90m[39m
[35m[HTTP][39m [37m-->[39m [37mPOST[39m [37m/wd/hub/session/e6a5f2a6-dbb5-4f63-aef2-e5753e6a1751/elements[39m
[35m[HTTP][39m [90m{"using":"xpath","value":"//*[@class = 'android.widget.Button' and (@text = 'CHECKOUT' or . = 'CHECKOUT') and @resource-id = 'com.solodroid.solomerce:id/btn_checkout']"}[39m
[35m[HTTP][39m [37m<-- POST /wd/hub/session/e6a5f2a6-dbb5-4f63-aef2-e5753e6a1751/elements [39m[32m200[39m [90m185 ms - 139[39m
[35m[HTTP][39m [90m[39m
[35m[HTTP][39m [37m-->[39m [37mGET[39m [37m/wd/hub/session/e6a5f2a6-dbb5-4f63-aef2-e5753e6a1751/element/00000000-0000-007b-ffff-ffff00000136/location[39m
[35m[HTTP][39m [90m{}[39m
[35m[W3C (e6a5f2a6)][39m Driver proxy active, passing request on via HTTP proxy
[35m[WD Proxy][39m Replacing sessionId d49a1c0d-81a3-4ebf-96ae-991448eb8179 with e6a5f2a6-dbb5-4f63-aef2-e5753e6a1751
[35m[HTTP][39m [37m<-- GET /wd/hub/session/e6a5f2a6-dbb5-4f63-aef2-e5753e6a1751/element/00000000-0000-007b-ffff-ffff00000136/location [39m[32m200[39m [90m25 ms - 79[39m
[35m[HTTP][39m [90m[39m
[35m[HTTP][39m [37m-->[39m [37mPOST[39m [37m/wd/hub/session/e6a5f2a6-dbb5-4f63-aef2-e5753e6a1751/element/00000000-0000-007b-ffff-ffff00000136/click[39m
[35m[HTTP][39m [90m{"id":"00000000-0000-007b-ffff-ffff00000136"}[39m
[35m[HTTP][39m [37m<-- POST /wd/hub/session/e6a5f2a6-dbb5-4f63-aef2-e5753e6a1751/element/00000000-0000-007b-ffff-ffff00000136/click [39m[32m200[39m [90m61 ms - 14[39m
[35m[HTTP][39m [90m[39m
[35m[HTTP][39m [37m-->[39m [37mGET[39m [37m/wd/hub/session/e6a5f2a6-dbb5-4f63-aef2-e5753e6a1751/source[39m
[35m[HTTP][39m [90m{}[39m
[35m[W3C (e6a5f2a6)][39m Driver proxy active, passing request on via HTTP proxy
[35m[WD Proxy][39m Replacing sessionId d49a1c0d-81a3-4ebf-96ae-991448eb8179 with e6a5f2a6-dbb5-4f63-aef2-e5753e6a1751
[35m[HTTP][39m [37m<-- GET /wd/hub/session/e6a5f2a6-dbb5-4f63-aef2-e5753e6a1751/source [39m[32m200[39m [90m627 ms - 15648[39m
[35m[HTTP][39m [90m[39m
[35m[HTTP][39m [37m-->[39m [37mGET[39m [37m/wd/hub/session/e6a5f2a6-dbb5-4f63-aef2-e5753e6a1751/screenshot[39m
[35m[HTTP][39m [90m{}[39m
[35m[HTTP][39m [37m<-- GET /wd/hub/session/e6a5f2a6-dbb5-4f63-aef2-e5753e6a1751/screenshot [39m[32m200[39m [90m744 ms - 125150[39m
[35m[HTTP][39m [90m[39m
[35m[HTTP][39m [37m-->[39m [37mPOST[39m [37m/wd/hub/session/e6a5f2a6-dbb5-4f63-aef2-e5753e6a1751/elements[39m
[35m[HTTP][39m [90m{"using":"xpath","value":"//*[@class = 'android.widget.RelativeLayout' and @resource-id = 'com.solodroid.solomerce:id/lytTotal' and (@text = '' or . = '')]"}[39m
[35m[HTTP][39m [37m<-- POST /wd/hub/session/e6a5f2a6-dbb5-4f63-aef2-e5753e6a1751/elements [39m[31m500[39m [90m48058 ms - 2905[39m
[35m[HTTP][39m [90m[39m
[35m[HTTP][39m [37m-->[39m [37mPOST[39m [37m/wd/hub/session/e6a5f2a6-dbb5-4f63-aef2-e5753e6a1751/elements[39m
[35m[HTTP][39m [90m{"using":"xpath","value":"//*[@class = 'android.widget.RelativeLayout' and @resource-id = 'com.solodroid.solomerce:id/lytTotal' and (@text = '' or . = '')]"}[39m
[35m[HTTP][39m [37m<-- POST /wd/hub/session/e6a5f2a6-dbb5-4f63-aef2-e5753e6a1751/elements [39m[31m500[39m [90m10 ms - 2462[39m
[35m[HTTP][39m [90m[39m
[35m[HTTP][39m [37m-->[39m [37mPOST[39m [37m/wd/hub/session/e6a5f2a6-dbb5-4f63-aef2-e5753e6a1751/elements[39m
[35m[HTTP][39m [90m{"using":"xpath","value":"//*[@class = 'android.widget.RelativeLayout' and @resource-id = 'com.solodroid.solomerce:id/lytTotal' and (@text = '' or . = '')]"}[39m
[35m[HTTP][39m [37m<-- POST /wd/hub/session/e6a5f2a6-dbb5-4f63-aef2-e5753e6a1751/elements [39m[31m500[39m [90m3 ms - 2462[39m
[35m[HTTP][39m [90m[39m
[35m[HTTP][39m [37m-->[39m [37mPOST[39m [37m/wd/hub/session/e6a5f2a6-dbb5-4f63-aef2-e5753e6a1751/elements[39m
[35m[HTTP][39m [90m{"using":"xpath","value":"//*[@class = 'android.widget.LinearLayout' and @resource-id = 'com.solodroid.solomerce:id/lyt_price' and (@text = '' or . = '')]"}[39m
[35m[HTTP][39m [37m<-- POST /wd/hub/session/e6a5f2a6-dbb5-4f63-aef2-e5753e6a1751/elements [39m[31m500[39m [90m4 ms - 2462[39m
[35m[HTTP][39m [90m[39m
[35m[HTTP][39m [37m-->[39m [37mDELETE[39m [37m/wd/hub/session/e6a5f2a6-dbb5-4f63-aef2-e5753e6a1751[39m
[35m[HTTP][39m [90m{}[39m
[35m[Appium][39m Removing session e6a5f2a6-dbb5-4f63-aef2-e5753e6a1751 from our master session list
[35m[UiAutomator2][39m Did not get confirmation UiAutomator2 deleteSession worked; Error was: UnknownError: An unknown server-side error occurred while processing the command. Original error: 'DELETE /' cannot be proxied to UiAutomator2 server because the instrumentation process is not running (probably crashed). Check the server log and/or the logcat output for more details
[35m[UiAutomator2][39m Unable to remove system port forward: Error executing adbExec. Original error: 'Command ''C:\\Users\\SU - NB0176\\.katalon\\tools\\android_sdk\\platform-tools\\adb.exe' -P 5037 -s 0e06973b forward --remove tcp\:8219' exited with code 1'; Command output: adb.exe: error: listener 'tcp:8219' not found
[35m[UiAutomator2][39m 
[35m[UiAutomator2][39m Restoring hidden api policy to the device default configuration
[35m[HTTP][39m [37m<-- DELETE /wd/hub/session/e6a5f2a6-dbb5-4f63-aef2-e5753e6a1751 [39m[32m200[39m [90m444 ms - 14[39m
[35m[HTTP][39m [90m[39m
